<?xml version="1.0" encoding="UTF-8"?>
<coverage generated="1550025543891" clover="3.2.0">
  <project timestamp="1550025543891" name="All files">
    <metrics statements="9" coveredstatements="5" conditionals="8" coveredconditionals="6" methods="1" coveredmethods="1" elements="18" coveredelements="12" complexity="0" loc="9" ncloc="9" packages="1" files="1" classes="1"/>
    <file name="functions.js" path="C:\Users\Huy\Documents\GitHub\cs-341-project-sq19-india\functions.js">
      <metrics statements="9" coveredstatements="5" conditionals="8" coveredconditionals="6" methods="1" coveredmethods="1"/>
      <line num="12" count="1" type="cond" truecount="3" falsecount="1"/>
      <line num="13" count="0" type="stmt"/>
      <line num="14" count="0" type="stmt"/>
      <line num="24" count="1" type="cond" truecount="3" falsecount="1"/>
      <line num="25" count="1" type="stmt"/>
      <line num="26" count="1" type="stmt"/>
      <line num="29" count="0" type="stmt"/>
      <line num="30" count="0" type="stmt"/>
      <line num="33" count="1" type="stmt"/>
    </file>
  </project>
</coverage>
