{"C:\\Users\\Huy\\Documents\\GitHub\\cs-341-project-sq19-india\\public\\javascripts\\functions.js": {"path":"C:\\Users\\Huy\\Documents\\GitHub\\cs-341-project-sq19-india\\public\\javascripts\\functions.js","statementMap":{"0":{"start":{"line":12,"column":1},"end":{"line":15,"column":2}},"1":{"start":{"line":14,"column":2},"end":{"line":14,"column":16}},"2":{"start":{"line":24,"column":1},"end":{"line":31,"column":2}},"3":{"start":{"line":26,"column":2},"end":{"line":26,"column":14}},"4":{"start":{"line":30,"column":2},"end":{"line":30,"column":15}},"5":{"start":{"line":34,"column":0},"end":{"line":34,"column":27}}},"fnMap":{"0":{"name":"checkCoor","decl":{"start":{"line":10,"column":9},"end":{"line":10,"column":18}},"loc":{"start":{"line":10,"column":40},"end":{"line":32,"column":1}},"line":10}},"branchMap":{"0":{"loc":{"start":{"line":12,"column":1},"end":{"line":15,"column":2}},"type":"if","locations":[{"start":{"line":12,"column":1},"end":{"line":15,"column":2}},{"start":{"line":12,"column":1},"end":{"line":15,"column":2}}],"line":12},"1":{"loc":{"start":{"line":12,"column":4},"end":{"line":12,"column":39}},"type":"binary-expr","locations":[{"start":{"line":12,"column":4},"end":{"line":12,"column":19}},{"start":{"line":12,"column":23},"end":{"line":12,"column":39}}],"line":12},"2":{"loc":{"start":{"line":24,"column":1},"end":{"line":31,"column":2}},"type":"if","locations":[{"start":{"line":24,"column":1},"end":{"line":31,"column":2}},{"start":{"line":24,"column":1},"end":{"line":31,"column":2}}],"line":24},"3":{"loc":{"start":{"line":24,"column":4},"end":{"line":24,"column":41}},"type":"binary-expr","locations":[{"start":{"line":24,"column":4},"end":{"line":24,"column":20}},{"start":{"line":24,"column":24},"end":{"line":24,"column":41}}],"line":24}},"s":{"0":3,"1":1,"2":2,"3":1,"4":1,"5":1},"f":{"0":3},"b":{"0":[1,2],"1":[3,2],"2":[1,1],"3":[2,1]},"_coverageSchema":"43e27e138ebf9cfc5966b082cf9a028302ed4184","hash":"a0daaae9a7715a7ef6cca0d304d445cd935a28ee"}
,"C:\\Users\\Huy\\Documents\\GitHub\\cs-341-project-sq19-india\\public\\javascripts\\initMapFunction.js": {"path":"C:\\Users\\Huy\\Documents\\GitHub\\cs-341-project-sq19-india\\public\\javascripts\\initMapFunction.js","statementMap":{"0":{"start":{"line":4,"column":14},"end":{"line":4,"column":50}},"1":{"start":{"line":6,"column":12},"end":{"line":7,"column":64}},"2":{"start":{"line":9,"column":15},"end":{"line":9,"column":68}},"3":{"start":{"line":10,"column":14},"end":{"line":10,"column":49}},"4":{"start":{"line":14,"column":15},"end":{"line":23,"column":4}},"5":{"start":{"line":26,"column":1},"end":{"line":28,"column":4}},"6":{"start":{"line":27,"column":2},"end":{"line":27,"column":45}},"7":{"start":{"line":31,"column":1},"end":{"line":35,"column":4}},"8":{"start":{"line":32,"column":15},"end":{"line":32,"column":101}},"9":{"start":{"line":33,"column":2},"end":{"line":33,"column":29}},"10":{"start":{"line":34,"column":2},"end":{"line":34,"column":27}},"11":{"start":{"line":38,"column":1},"end":{"line":42,"column":4}},"12":{"start":{"line":39,"column":15},"end":{"line":39,"column":101}},"13":{"start":{"line":40,"column":2},"end":{"line":40,"column":29}},"14":{"start":{"line":41,"column":2},"end":{"line":41,"column":27}},"15":{"start":{"line":45,"column":2},"end":{"line":52,"column":4}},"16":{"start":{"line":46,"column":15},"end":{"line":46,"column":33}},"17":{"start":{"line":47,"column":14},"end":{"line":47,"column":32}},"18":{"start":{"line":48,"column":4},"end":{"line":48,"column":27}},"19":{"start":{"line":49,"column":4},"end":{"line":49,"column":26}},"20":{"start":{"line":50,"column":4},"end":{"line":50,"column":37}},"21":{"start":{"line":51,"column":4},"end":{"line":51,"column":35}},"22":{"start":{"line":54,"column":1},"end":{"line":61,"column":4}},"23":{"start":{"line":55,"column":13},"end":{"line":55,"column":31}},"24":{"start":{"line":56,"column":14},"end":{"line":56,"column":32}},"25":{"start":{"line":57,"column":4},"end":{"line":57,"column":27}},"26":{"start":{"line":58,"column":4},"end":{"line":58,"column":26}},"27":{"start":{"line":59,"column":4},"end":{"line":59,"column":37}},"28":{"start":{"line":60,"column":4},"end":{"line":60,"column":35}},"29":{"start":{"line":64,"column":2},"end":{"line":67,"column":5}},"30":{"start":{"line":65,"column":4},"end":{"line":65,"column":59}},"31":{"start":{"line":66,"column":4},"end":{"line":66,"column":59}},"32":{"start":{"line":68,"column":2},"end":{"line":68,"column":14}},"33":{"start":{"line":71,"column":0},"end":{"line":71,"column":25}}},"fnMap":{"0":{"name":"initMap","decl":{"start":{"line":2,"column":9},"end":{"line":2,"column":16}},"loc":{"start":{"line":2,"column":19},"end":{"line":69,"column":1}},"line":2},"1":{"name":"(anonymous_1)","decl":{"start":{"line":26,"column":51},"end":{"line":26,"column":52}},"loc":{"start":{"line":26,"column":61},"end":{"line":28,"column":2}},"line":26},"2":{"name":"(anonymous_2)","decl":{"start":{"line":31,"column":78},"end":{"line":31,"column":79}},"loc":{"start":{"line":31,"column":88},"end":{"line":35,"column":2}},"line":31},"3":{"name":"(anonymous_3)","decl":{"start":{"line":38,"column":78},"end":{"line":38,"column":79}},"loc":{"start":{"line":38,"column":88},"end":{"line":42,"column":2}},"line":38},"4":{"name":"(anonymous_4)","decl":{"start":{"line":45,"column":46},"end":{"line":45,"column":47}},"loc":{"start":{"line":45,"column":61},"end":{"line":52,"column":2}},"line":45},"5":{"name":"(anonymous_5)","decl":{"start":{"line":54,"column":48},"end":{"line":54,"column":49}},"loc":{"start":{"line":54,"column":63},"end":{"line":61,"column":2}},"line":54},"6":{"name":"(anonymous_6)","decl":{"start":{"line":64,"column":31},"end":{"line":64,"column":32}},"loc":{"start":{"line":64,"column":46},"end":{"line":67,"column":3}},"line":64}},"branchMap":{},"s":{"0":1,"1":1,"2":0,"3":0,"4":0,"5":0,"6":0,"7":0,"8":0,"9":0,"10":0,"11":0,"12":0,"13":0,"14":0,"15":0,"16":0,"17":0,"18":0,"19":0,"20":0,"21":0,"22":0,"23":0,"24":0,"25":0,"26":0,"27":0,"28":0,"29":0,"30":0,"31":0,"32":0,"33":1},"f":{"0":1,"1":0,"2":0,"3":0,"4":0,"5":0,"6":0},"b":{},"_coverageSchema":"43e27e138ebf9cfc5966b082cf9a028302ed4184","hash":"98e6def3850336a5e21be9701043b3663b30856e"}
}
