{"C:\\Users\\Huy\\Documents\\GitHub\\cs-341-project-sq19-india\\public\\javascripts\\functions.js": {"path":"C:\\Users\\Huy\\Documents\\GitHub\\cs-341-project-sq19-india\\public\\javascripts\\functions.js","statementMap":{"0":{"start":{"line":12,"column":1},"end":{"line":15,"column":2}},"1":{"start":{"line":14,"column":2},"end":{"line":14,"column":16}},"2":{"start":{"line":24,"column":1},"end":{"line":31,"column":2}},"3":{"start":{"line":26,"column":2},"end":{"line":26,"column":14}},"4":{"start":{"line":29,"column":2},"end":{"line":29,"column":54}},"5":{"start":{"line":30,"column":2},"end":{"line":30,"column":15}},"6":{"start":{"line":86,"column":0},"end":{"line":86,"column":27}}},"fnMap":{"0":{"name":"checkCoor","decl":{"start":{"line":10,"column":9},"end":{"line":10,"column":18}},"loc":{"start":{"line":10,"column":40},"end":{"line":32,"column":1}},"line":10}},"branchMap":{"0":{"loc":{"start":{"line":12,"column":1},"end":{"line":15,"column":2}},"type":"if","locations":[{"start":{"line":12,"column":1},"end":{"line":15,"column":2}},{"start":{"line":12,"column":1},"end":{"line":15,"column":2}}],"line":12},"1":{"loc":{"start":{"line":12,"column":4},"end":{"line":12,"column":39}},"type":"binary-expr","locations":[{"start":{"line":12,"column":4},"end":{"line":12,"column":19}},{"start":{"line":12,"column":23},"end":{"line":12,"column":39}}],"line":12},"2":{"loc":{"start":{"line":24,"column":1},"end":{"line":31,"column":2}},"type":"if","locations":[{"start":{"line":24,"column":1},"end":{"line":31,"column":2}},{"start":{"line":24,"column":1},"end":{"line":31,"column":2}}],"line":24},"3":{"loc":{"start":{"line":24,"column":4},"end":{"line":24,"column":41}},"type":"binary-expr","locations":[{"start":{"line":24,"column":4},"end":{"line":24,"column":20}},{"start":{"line":24,"column":24},"end":{"line":24,"column":41}}],"line":24}},"s":{"0":3,"1":1,"2":2,"3":1,"4":1,"5":1,"6":1},"f":{"0":3},"b":{"0":[1,2],"1":[3,2],"2":[1,1],"3":[2,1]},"_coverageSchema":"43e27e138ebf9cfc5966b082cf9a028302ed4184","hash":"f9caadc3d1497734edf13d57f36edb58b90f79af"}
}
