TN:
SF:C:\Users\Huy\Documents\GitHub\cs-341-project-sq19-india\public\javascripts\functions.js
FN:10,checkCoor
FNF:1
FNH:1
FNDA:3,checkCoor
DA:12,3
DA:14,1
DA:24,2
DA:26,1
DA:30,1
DA:34,1
LF:6
LH:6
BRDA:12,0,0,1
BRDA:12,0,1,2
BRDA:12,1,0,3
BRDA:12,1,1,2
BRDA:24,2,0,1
BRDA:24,2,1,1
BRDA:24,3,0,2
BRDA:24,3,1,1
BRF:8
BRH:8
end_of_record
TN:
SF:C:\Users\Huy\Documents\GitHub\cs-341-project-sq19-india\public\javascripts\initMapFunction.js
FN:2,initMap
FN:26,(anonymous_1)
FN:31,(anonymous_2)
FN:38,(anonymous_3)
FN:45,(anonymous_4)
FN:54,(anonymous_5)
FN:64,(anonymous_6)
FNF:7
FNH:1
FNDA:1,initMap
FNDA:0,(anonymous_1)
FNDA:0,(anonymous_2)
FNDA:0,(anonymous_3)
FNDA:0,(anonymous_4)
FNDA:0,(anonymous_5)
FNDA:0,(anonymous_6)
DA:4,1
DA:6,1
DA:9,0
DA:10,0
DA:14,0
DA:26,0
DA:27,0
DA:31,0
DA:32,0
DA:33,0
DA:34,0
DA:38,0
DA:39,0
DA:40,0
DA:41,0
DA:45,0
DA:46,0
DA:47,0
DA:48,0
DA:49,0
DA:50,0
DA:51,0
DA:54,0
DA:55,0
DA:56,0
DA:57,0
DA:58,0
DA:59,0
DA:60,0
DA:64,0
DA:65,0
DA:66,0
DA:68,0
DA:71,1
LF:34
LH:3
BRF:0
BRH:0
end_of_record
